GROUP,PACKAGE,CLASS,INSTRUCTION_MISSED,INSTRUCTION_COVERED,BRANCH_MISSED,BRANCH_COVERED,LINE_MISSED,LINE_COVERED,COMPLEXITY_MISSED,COMPLEXITY_COVERED,METHOD_MISSED,METHOD_COVERED
basescalculator,me.bozga,App,2,0,0,0,2,0,1,0,1,0
basescalculator,me.bozga.ui,UI.new ActionListener() {...},20,0,0,0,3,0,2,0,2,0
basescalculator,me.bozga.ui,UI,782,0,19,0,157,0,15,0,4,0
basescalculator,me.bozga.ui,UI.new ActionListener() {...},25,0,0,0,3,0,2,0,2,0
basescalculator,me.bozga.core,BaseNumberOperators,623,0,58,0,88,0,34,0,5,0
basescalculator,me.bozga.core,BaseNumberConverter,405,0,34,0,62,0,21,0,4,0
basescalculator,me.bozga.core,BaseNumber,435,0,40,0,61,0,33,0,13,0
